{"C:\\Users\\Mixtrix\\Desktop\\React\\Gifs-app\\src\\GifsApp.tsx": {"path":"C:\\Users\\Mixtrix\\Desktop\\React\\Gifs-app\\src\\GifsApp.tsx","statementMap":{"0":{"start":{"line":7,"column":13},"end":{"line":25,"column":null}},"1":{"start":{"line":9,"column":73},"end":{"line":9,"column":81}},"2":{"start":{"line":14,"column":5},"end":{"line":22,"column":null}}},"fnMap":{"0":{"name":"(anonymous_0)","decl":{"start":{"line":7,"column":13},"end":{"line":7,"column":29}},"loc":{"start":{"line":7,"column":29},"end":{"line":25,"column":null}},"line":7}},"branchMap":{},"s":{"0":1,"1":1,"2":1},"f":{"0":1},"b":{},"meta":{"lastBranch":0,"lastFunction":1,"lastStatement":3,"seen":{"s:7:13:25:Infinity":0,"f:7:13:7:29":0,"s:9:73:9:81":1,"s:14:5:22:Infinity":2},"fnNames":{}}}
,"C:\\Users\\Mixtrix\\Desktop\\React\\Gifs-app\\src\\counter\\components\\mycounterapp.tsx": {"path":"C:\\Users\\Mixtrix\\Desktop\\React\\Gifs-app\\src\\counter\\components\\mycounterapp.tsx","statementMap":{"0":{"start":{"line":4,"column":6},"end":{"line":20,"column":null}},"1":{"start":{"line":6,"column":46},"end":{"line":6,"column":null}},"2":{"start":{"line":9,"column":2},"end":{"line":18,"column":null}}},"fnMap":{"0":{"name":"(anonymous_0)","decl":{"start":{"line":4,"column":6},"end":{"line":4,"column":27}},"loc":{"start":{"line":4,"column":27},"end":{"line":20,"column":null}},"line":4}},"branchMap":{},"s":{"0":2,"1":5,"2":5},"f":{"0":5},"b":{},"meta":{"lastBranch":0,"lastFunction":1,"lastStatement":3,"seen":{"s:4:6:20:Infinity":0,"f:4:6:4:27":0,"s:6:46:6:Infinity":1,"s:9:2:18:Infinity":2},"fnNames":{}}}
,"C:\\Users\\Mixtrix\\Desktop\\React\\Gifs-app\\src\\counter\\hooks\\usecounter.tsx": {"path":"C:\\Users\\Mixtrix\\Desktop\\React\\Gifs-app\\src\\counter\\hooks\\usecounter.tsx","statementMap":{"0":{"start":{"line":4,"column":6},"end":{"line":27,"column":null}},"1":{"start":{"line":6,"column":34},"end":{"line":6,"column":null}},"2":{"start":{"line":8,"column":10},"end":{"line":10,"column":null}},"3":{"start":{"line":9,"column":8},"end":{"line":9,"column":null}},"4":{"start":{"line":11,"column":10},"end":{"line":13,"column":null}},"5":{"start":{"line":12,"column":8},"end":{"line":12,"column":null}},"6":{"start":{"line":14,"column":10},"end":{"line":16,"column":null}},"7":{"start":{"line":15,"column":8},"end":{"line":15,"column":null}},"8":{"start":{"line":17,"column":2},"end":{"line":26,"column":null}}},"fnMap":{"0":{"name":"(anonymous_0)","decl":{"start":{"line":4,"column":6},"end":{"line":4,"column":20}},"loc":{"start":{"line":4,"column":48},"end":{"line":27,"column":null}},"line":4},"1":{"name":"(anonymous_1)","decl":{"start":{"line":8,"column":10},"end":{"line":8,"column":28}},"loc":{"start":{"line":8,"column":28},"end":{"line":10,"column":null}},"line":8},"2":{"name":"(anonymous_2)","decl":{"start":{"line":11,"column":10},"end":{"line":11,"column":28}},"loc":{"start":{"line":11,"column":28},"end":{"line":13,"column":null}},"line":11},"3":{"name":"(anonymous_3)","decl":{"start":{"line":14,"column":10},"end":{"line":14,"column":24}},"loc":{"start":{"line":14,"column":24},"end":{"line":16,"column":null}},"line":14}},"branchMap":{"0":{"loc":{"start":{"line":4,"column":20},"end":{"line":4,"column":48}},"type":"default-arg","locations":[{"start":{"line":4,"column":41},"end":{"line":4,"column":48}}],"line":4}},"s":{"0":2,"1":9,"2":9,"3":1,"4":9,"5":2,"6":9,"7":0,"8":9},"f":{"0":9,"1":1,"2":2,"3":0},"b":{"0":[9]},"meta":{"lastBranch":1,"lastFunction":4,"lastStatement":9,"seen":{"s:4:6:27:Infinity":0,"f:4:6:4:20":0,"b:4:41:4:48":0,"s:6:34:6:Infinity":1,"s:8:10:10:Infinity":2,"f:8:10:8:28":1,"s:9:8:9:Infinity":3,"s:11:10:13:Infinity":4,"f:11:10:11:28":2,"s:12:8:12:Infinity":5,"s:14:10:16:Infinity":6,"f:14:10:14:24":3,"s:15:8:15:Infinity":7,"s:17:2:26:Infinity":8},"fnNames":{}}}
,"C:\\Users\\Mixtrix\\Desktop\\React\\Gifs-app\\src\\gifs\\actions\\get-gifs-by-query.actions.ts": {"path":"C:\\Users\\Mixtrix\\Desktop\\React\\Gifs-app\\src\\gifs\\actions\\get-gifs-by-query.actions.ts","statementMap":{"0":{"start":{"line":5,"column":30},"end":{"line":31,"column":null}},"1":{"start":{"line":7,"column":8},"end":{"line":9,"column":null}},"2":{"start":{"line":8,"column":12},"end":{"line":8,"column":null}},"3":{"start":{"line":11,"column":8},"end":{"line":29,"column":null}},"4":{"start":{"line":12,"column":29},"end":{"line":17,"column":null}},"5":{"start":{"line":19,"column":0},"end":{"line":24,"column":null}},"6":{"start":{"line":19,"column":38},"end":{"line":24,"column":49}},"7":{"start":{"line":27,"column":12},"end":{"line":27,"column":null}},"8":{"start":{"line":28,"column":12},"end":{"line":28,"column":null}}},"fnMap":{"0":{"name":"(anonymous_0)","decl":{"start":{"line":5,"column":30},"end":{"line":5,"column":36}},"loc":{"start":{"line":6,"column":4},"end":{"line":31,"column":null}},"line":6},"1":{"name":"(anonymous_1)","decl":{"start":{"line":19,"column":26},"end":{"line":19,"column":31}},"loc":{"start":{"line":19,"column":38},"end":{"line":24,"column":49}},"line":19}},"branchMap":{"0":{"loc":{"start":{"line":7,"column":8},"end":{"line":9,"column":null}},"type":"if","locations":[{"start":{"line":7,"column":8},"end":{"line":9,"column":null}},{"start":{},"end":{}}],"line":7}},"s":{"0":3,"1":6,"2":1,"3":5,"4":5,"5":4,"6":40,"7":1,"8":1},"f":{"0":6,"1":40},"b":{"0":[1,5]},"meta":{"lastBranch":1,"lastFunction":2,"lastStatement":9,"seen":{"s:5:30:31:Infinity":0,"f:5:30:5:36":0,"b:7:8:9:Infinity:undefined:undefined:undefined:undefined":0,"s:7:8:9:Infinity":1,"s:8:12:8:Infinity":2,"s:11:8:29:Infinity":3,"s:12:29:17:Infinity":4,"s:19:0:24:Infinity":5,"f:19:26:19:31":1,"s:19:38:24:49":6,"s:27:12:27:Infinity":7,"s:28:12:28:Infinity":8},"fnNames":{}}}
,"C:\\Users\\Mixtrix\\Desktop\\React\\Gifs-app\\src\\gifs\\api\\giphy.api.ts": {"path":"C:\\Users\\Mixtrix\\Desktop\\React\\Gifs-app\\src\\gifs\\api\\giphy.api.ts","statementMap":{"0":{"start":{"line":3,"column":24},"end":{"line":9,"column":null}}},"fnMap":{},"branchMap":{},"s":{"0":4},"f":{},"b":{},"meta":{"lastBranch":0,"lastFunction":0,"lastStatement":1,"seen":{"s:3:24:9:Infinity":0},"fnNames":{}}}
,"C:\\Users\\Mixtrix\\Desktop\\React\\Gifs-app\\src\\gifs\\components\\Gif-list.tsx": {"path":"C:\\Users\\Mixtrix\\Desktop\\React\\Gifs-app\\src\\gifs\\components\\Gif-list.tsx","statementMap":{"0":{"start":{"line":9,"column":13},"end":{"line":30,"column":null}},"1":{"start":{"line":10,"column":2},"end":{"line":25,"column":null}},"2":{"start":{"line":16,"column":12},"end":{"line":21,"column":null}}},"fnMap":{"0":{"name":"(anonymous_0)","decl":{"start":{"line":9,"column":13},"end":{"line":9,"column":42}},"loc":{"start":{"line":9,"column":53},"end":{"line":30,"column":null}},"line":9},"1":{"name":"(anonymous_1)","decl":{"start":{"line":15,"column":14},"end":{"line":15,"column":19}},"loc":{"start":{"line":16,"column":12},"end":{"line":21,"column":null}},"line":16}},"branchMap":{},"s":{"0":1,"1":1,"2":0},"f":{"0":1,"1":0},"b":{},"meta":{"lastBranch":0,"lastFunction":2,"lastStatement":3,"seen":{"s:9:13:30:Infinity":0,"f:9:13:9:42":0,"s:10:2:25:Infinity":1,"f:15:14:15:19":1,"s:16:12:21:Infinity":2},"fnNames":{}}}
,"C:\\Users\\Mixtrix\\Desktop\\React\\Gifs-app\\src\\gifs\\hooks\\useGifs.tsx": {"path":"C:\\Users\\Mixtrix\\Desktop\\React\\Gifs-app\\src\\gifs\\hooks\\useGifs.tsx","statementMap":{"0":{"start":{"line":5,"column":6},"end":{"line":54,"column":null}},"1":{"start":{"line":7,"column":33},"end":{"line":7,"column":null}},"2":{"start":{"line":9,"column":51},"end":{"line":9,"column":null}},"3":{"start":{"line":11,"column":27},"end":{"line":11,"column":null}},"4":{"start":{"line":13,"column":34},"end":{"line":23,"column":null}},"5":{"start":{"line":14,"column":12},"end":{"line":18,"column":null}},"6":{"start":{"line":16,"column":16},"end":{"line":16,"column":null}},"7":{"start":{"line":17,"column":16},"end":{"line":17,"column":null}},"8":{"start":{"line":20,"column":24},"end":{"line":20,"column":null}},"9":{"start":{"line":21,"column":12},"end":{"line":21,"column":null}},"10":{"start":{"line":22,"column":12},"end":{"line":22,"column":null}},"11":{"start":{"line":23,"column":12},"end":{"line":23,"column":54}},"12":{"start":{"line":25,"column":15},"end":{"line":25,"column":null}},"13":{"start":{"line":25,"column":49},"end":{"line":25,"column":66}},"14":{"start":{"line":27,"column":31},"end":{"line":40,"column":null}},"15":{"start":{"line":28,"column":11},"end":{"line":28,"column":null}},"16":{"start":{"line":29,"column":31},"end":{"line":29,"column":null}},"17":{"start":{"line":30,"column":11},"end":{"line":30,"column":null}},"18":{"start":{"line":31,"column":11},"end":{"line":31,"column":null}},"19":{"start":{"line":32,"column":24},"end":{"line":32,"column":null}},"20":{"start":{"line":33,"column":11},"end":{"line":33,"column":null}},"21":{"start":{"line":35,"column":11},"end":{"line":35,"column":null}},"22":{"start":{"line":39,"column":9},"end":{"line":39,"column":null}},"23":{"start":{"line":44,"column":4},"end":{"line":53,"column":null}}},"fnMap":{"0":{"name":"(anonymous_0)","decl":{"start":{"line":5,"column":6},"end":{"line":5,"column":22}},"loc":{"start":{"line":5,"column":22},"end":{"line":54,"column":null}},"line":5},"1":{"name":"(anonymous_1)","decl":{"start":{"line":13,"column":34},"end":{"line":13,"column":40}},"loc":{"start":{"line":13,"column":57},"end":{"line":23,"column":null}},"line":13},"2":{"name":"(anonymous_2)","decl":{"start":{"line":25,"column":15},"end":{"line":25,"column":31}},"loc":{"start":{"line":25,"column":48},"end":{"line":25,"column":null}},"line":25},"3":{"name":"(anonymous_3)","decl":{"start":{"line":27,"column":31},"end":{"line":27,"column":38}},"loc":{"start":{"line":27,"column":55},"end":{"line":40,"column":null}},"line":27}},"branchMap":{"0":{"loc":{"start":{"line":14,"column":12},"end":{"line":18,"column":null}},"type":"if","locations":[{"start":{"line":14,"column":12},"end":{"line":18,"column":null}},{"start":{},"end":{}}],"line":14}},"s":{"0":2,"1":19,"2":19,"3":19,"4":19,"5":3,"6":1,"7":1,"8":2,"9":2,"10":2,"11":2,"12":19,"13":0,"14":19,"15":10,"16":10,"17":10,"18":10,"19":10,"20":10,"21":10,"22":10,"23":19},"f":{"0":19,"1":3,"2":0,"3":10},"b":{"0":[1,2]},"meta":{"lastBranch":1,"lastFunction":4,"lastStatement":24,"seen":{"s:5:6:54:Infinity":0,"f:5:6:5:22":0,"s:7:33:7:Infinity":1,"s:9:51:9:Infinity":2,"s:11:27:11:Infinity":3,"s:13:34:23:Infinity":4,"f:13:34:13:40":1,"b:14:12:18:Infinity:undefined:undefined:undefined:undefined":0,"s:14:12:18:Infinity":5,"s:16:16:16:Infinity":6,"s:17:16:17:Infinity":7,"s:20:24:20:Infinity":8,"s:21:12:21:Infinity":9,"s:22:12:22:Infinity":10,"s:23:12:23:54":11,"s:25:15:25:Infinity":12,"f:25:15:25:31":2,"s:25:49:25:66":13,"s:27:31:40:Infinity":14,"f:27:31:27:38":3,"s:28:11:28:Infinity":15,"s:29:31:29:Infinity":16,"s:30:11:30:Infinity":17,"s:31:11:31:Infinity":18,"s:32:24:32:Infinity":19,"s:33:11:33:Infinity":20,"s:35:11:35:Infinity":21,"s:39:9:39:Infinity":22,"s:44:4:53:Infinity":23},"fnNames":{}}}
,"C:\\Users\\Mixtrix\\Desktop\\React\\Gifs-app\\src\\shared\\components\\Customheader.tsx": {"path":"C:\\Users\\Mixtrix\\Desktop\\React\\Gifs-app\\src\\shared\\components\\Customheader.tsx","statementMap":{"0":{"start":{"line":7,"column":13},"end":{"line":19,"column":null}},"1":{"start":{"line":8,"column":2},"end":{"line":17,"column":null}}},"fnMap":{"0":{"name":"(anonymous_0)","decl":{"start":{"line":7,"column":13},"end":{"line":7,"column":29}},"loc":{"start":{"line":7,"column":73},"end":{"line":19,"column":null}},"line":7}},"branchMap":{"0":{"loc":{"start":{"line":14,"column":8},"end":{"line":16,"column":null}},"type":"binary-expr","locations":[{"start":{"line":14,"column":8},"end":{"line":14,"column":24}},{"start":{"line":14,"column":24},"end":{"line":16,"column":null}}],"line":14}},"s":{"0":2,"1":4},"f":{"0":4},"b":{"0":[4,2]},"meta":{"lastBranch":1,"lastFunction":1,"lastStatement":2,"seen":{"s:7:13:19:Infinity":0,"f:7:13:7:29":0,"s:8:2:17:Infinity":1,"b:14:8:14:24:14:24:16:Infinity":0},"fnNames":{}}}
,"C:\\Users\\Mixtrix\\Desktop\\React\\Gifs-app\\src\\shared\\components\\Previoussearche.tsx": {"path":"C:\\Users\\Mixtrix\\Desktop\\React\\Gifs-app\\src\\shared\\components\\Previoussearche.tsx","statementMap":{"0":{"start":{"line":10,"column":13},"end":{"line":27,"column":null}},"1":{"start":{"line":12,"column":2},"end":{"line":25,"column":null}},"2":{"start":{"line":20,"column":12},"end":{"line":20,"column":null}},"3":{"start":{"line":20,"column":42},"end":{"line":20,"column":62}}},"fnMap":{"0":{"name":"(anonymous_0)","decl":{"start":{"line":10,"column":13},"end":{"line":10,"column":58}},"loc":{"start":{"line":10,"column":86},"end":{"line":27,"column":null}},"line":10},"1":{"name":"(anonymous_1)","decl":{"start":{"line":19,"column":17},"end":{"line":19,"column":21}},"loc":{"start":{"line":20,"column":12},"end":{"line":20,"column":null}},"line":20},"2":{"name":"(anonymous_2)","decl":{"start":{"line":20,"column":27},"end":{"line":20,"column":42}},"loc":{"start":{"line":20,"column":42},"end":{"line":20,"column":62}},"line":20}},"branchMap":{},"s":{"0":1,"1":1,"2":0,"3":0},"f":{"0":1,"1":0,"2":0},"b":{},"meta":{"lastBranch":0,"lastFunction":3,"lastStatement":4,"seen":{"s:10:13:27:Infinity":0,"f:10:13:10:58":0,"s:12:2:25:Infinity":1,"f:19:17:19:21":1,"s:20:12:20:Infinity":2,"f:20:27:20:42":2,"s:20:42:20:62":3},"fnNames":{}}}
,"C:\\Users\\Mixtrix\\Desktop\\React\\Gifs-app\\src\\shared\\components\\Searchbar.tsx": {"path":"C:\\Users\\Mixtrix\\Desktop\\React\\Gifs-app\\src\\shared\\components\\Searchbar.tsx","statementMap":{"0":{"start":{"line":10,"column":13},"end":{"line":55,"column":null}},"1":{"start":{"line":12,"column":26},"end":{"line":12,"column":null}},"2":{"start":{"line":14,"column":2},"end":{"line":19,"column":null}},"3":{"start":{"line":15,"column":22},"end":{"line":17,"column":null}},"4":{"start":{"line":16,"column":6},"end":{"line":16,"column":null}},"5":{"start":{"line":18,"column":4},"end":{"line":18,"column":null}},"6":{"start":{"line":18,"column":17},"end":{"line":18,"column":40}},"7":{"start":{"line":21,"column":8},"end":{"line":31,"column":null}},"8":{"start":{"line":22,"column":27},"end":{"line":22,"column":null}},"9":{"start":{"line":24,"column":4},"end":{"line":27,"column":null}},"10":{"start":{"line":25,"column":6},"end":{"line":25,"column":null}},"11":{"start":{"line":26,"column":6},"end":{"line":26,"column":null}},"12":{"start":{"line":29,"column":4},"end":{"line":29,"column":null}},"13":{"start":{"line":30,"column":4},"end":{"line":30,"column":null}},"14":{"start":{"line":33,"column":8},"end":{"line":37,"column":null}},"15":{"start":{"line":34,"column":4},"end":{"line":36,"column":null}},"16":{"start":{"line":35,"column":6},"end":{"line":35,"column":null}},"17":{"start":{"line":40,"column":2},"end":{"line":52,"column":null}},"18":{"start":{"line":47,"column":29},"end":{"line":47,"column":null}},"19":{"start":{"line":48,"column":31},"end":{"line":48,"column":51}}},"fnMap":{"0":{"name":"(anonymous_0)","decl":{"start":{"line":10,"column":13},"end":{"line":10,"column":26}},"loc":{"start":{"line":10,"column":104},"end":{"line":55,"column":null}},"line":10},"1":{"name":"(anonymous_1)","decl":{"start":{"line":14,"column":2},"end":{"line":14,"column":16}},"loc":{"start":{"line":14,"column":16},"end":{"line":19,"column":4}},"line":14},"2":{"name":"(anonymous_2)","decl":{"start":{"line":15,"column":22},"end":{"line":15,"column":39}},"loc":{"start":{"line":15,"column":39},"end":{"line":17,"column":6}},"line":15},"3":{"name":"(anonymous_3)","decl":{"start":{"line":18,"column":4},"end":{"line":18,"column":16}},"loc":{"start":{"line":18,"column":16},"end":{"line":18,"column":null}},"line":18},"4":{"name":"(anonymous_4)","decl":{"start":{"line":21,"column":8},"end":{"line":21,"column":29}},"loc":{"start":{"line":21,"column":29},"end":{"line":31,"column":null}},"line":21},"5":{"name":"(anonymous_5)","decl":{"start":{"line":33,"column":8},"end":{"line":33,"column":25}},"loc":{"start":{"line":33,"column":74},"end":{"line":37,"column":null}},"line":33},"6":{"name":"(anonymous_6)","decl":{"start":{"line":47,"column":8},"end":{"line":47,"column":19}},"loc":{"start":{"line":47,"column":29},"end":{"line":47,"column":null}},"line":47},"7":{"name":"(anonymous_7)","decl":{"start":{"line":48,"column":8},"end":{"line":48,"column":20}},"loc":{"start":{"line":48,"column":30},"end":{"line":48,"column":null}},"line":48}},"branchMap":{"0":{"loc":{"start":{"line":10,"column":28},"end":{"line":10,"column":52}},"type":"default-arg","locations":[{"start":{"line":10,"column":42},"end":{"line":10,"column":52}}],"line":10},"1":{"loc":{"start":{"line":24,"column":4},"end":{"line":27,"column":null}},"type":"if","locations":[{"start":{"line":24,"column":4},"end":{"line":27,"column":null}},{"start":{},"end":{}}],"line":24},"2":{"loc":{"start":{"line":34,"column":4},"end":{"line":36,"column":null}},"type":"if","locations":[{"start":{"line":34,"column":4},"end":{"line":36,"column":null}},{"start":{},"end":{}}],"line":34}},"s":{"0":2,"1":12,"2":12,"3":12,"4":2,"5":12,"6":12,"7":12,"8":1,"9":1,"10":0,"11":0,"12":1,"13":1,"14":12,"15":0,"16":0,"17":12,"18":6,"19":0},"f":{"0":12,"1":12,"2":2,"3":12,"4":1,"5":0,"6":6,"7":0},"b":{"0":[12],"1":[0,1],"2":[0,0]},"meta":{"lastBranch":3,"lastFunction":8,"lastStatement":20,"seen":{"s:10:13:55:Infinity":0,"f:10:13:10:26":0,"b:10:42:10:52":0,"s:12:26:12:Infinity":1,"s:14:2:19:Infinity":2,"f:14:2:14:16":1,"s:15:22:17:Infinity":3,"f:15:22:15:39":2,"s:16:6:16:Infinity":4,"s:18:4:18:Infinity":5,"f:18:4:18:16":3,"s:18:17:18:40":6,"s:21:8:31:Infinity":7,"f:21:8:21:29":4,"s:22:27:22:Infinity":8,"b:24:4:27:Infinity:undefined:undefined:undefined:undefined":1,"s:24:4:27:Infinity":9,"s:25:6:25:Infinity":10,"s:26:6:26:Infinity":11,"s:29:4:29:Infinity":12,"s:30:4:30:Infinity":13,"s:33:8:37:Infinity":14,"f:33:8:33:25":5,"b:34:4:36:Infinity:undefined:undefined:undefined:undefined":2,"s:34:4:36:Infinity":15,"s:35:6:35:Infinity":16,"s:40:2:52:Infinity":17,"f:47:8:47:19":6,"s:47:29:47:Infinity":18,"f:48:8:48:20":7,"s:48:31:48:51":19},"fnNames":{}}}
,"C:\\Users\\Mixtrix\\Desktop\\React\\Gifs-app\\src\\test\\mocks\\giphy.response.data.ts": {"path":"C:\\Users\\Mixtrix\\Desktop\\React\\Gifs-app\\src\\test\\mocks\\giphy.response.data.ts","statementMap":{"0":{"start":{"line":3,"column":0},"end":{"line":2082,"column":null}}},"fnMap":{},"branchMap":{},"s":{"0":1},"f":{},"b":{},"meta":{"lastBranch":0,"lastFunction":0,"lastStatement":1,"seen":{"s:3:0:2082:Infinity":0},"fnNames":{}}}
}
